<?xml version="1.0" encoding="UTF-8"?>
<!-- Generated by org.testng.reporters.JUnitXMLReporter -->
<testsuite ignored="0" hostname="apoorv" failures="1" tests="2" name="ASSERTIONS Test" time="0.025" errors="0" timestamp="2022-06-11T23:23:41 IST">
  <testcase classname="testCases.assertionsCheck" name="validateTitles" time="0.004"/>
  <testcase classname="testCases.SoftyAssert" name="validateTitles" time="0.012">
    <failure type="java.lang.AssertionError" message="cannot register user expected [true] but found [false]">
      <![CDATA[java.lang.AssertionError: cannot register user expected [true] but found [false]
at testCases.SoftyAssert.validateTitles(SoftyAssert.java:16)
at java.base/java.util.ArrayList.forEach(ArrayList.java:1511)
... Removed 32 stack frames]]>
    </failure>
  </testcase> <!-- validateTitles -->
</testsuite> <!-- ASSERTIONS Test -->
