<?xml version="1.0" encoding="UTF-8"?>
<!-- Generated by org.testng.reporters.JUnitXMLReporter -->
<testsuite ignored="0" hostname="LAPTOP-15GVK631" failures="2" tests="2" name="regression ASSERTIONS Test" time="0.031" errors="0" timestamp="2022-06-08T15:26:14 IST">
  <testcase classname="regression.assertionsCheck" name="validateTitles" time="0.017">
    <failure type="java.lang.AssertionError" message="not found this thing expected [true] but found [false]">
      <![CDATA[java.lang.AssertionError: not found this thing expected [true] but found [false]
at regression.assertionsCheck.validateTitles(assertionsCheck.java:15)
at java.base/java.util.ArrayList.forEach(ArrayList.java:1511)
... Removed 30 stack frames]]>
    </failure>
  </testcase> <!-- validateTitles -->
  <testcase classname="regression.SoftyAssert" name="validateTitles" time="0.006">
    <failure type="java.lang.AssertionError" message="cannot register user expected [true] but found [false]">
      <![CDATA[java.lang.AssertionError: cannot register user expected [true] but found [false]
at regression.SoftyAssert.validateTitles(SoftyAssert.java:16)
at java.base/java.util.ArrayList.forEach(ArrayList.java:1511)
... Removed 32 stack frames]]>
    </failure>
  </testcase> <!-- validateTitles -->
</testsuite> <!-- regression ASSERTIONS Test -->
