<?xml version="1.0" encoding="UTF-8"?>
<!-- Generated by org.testng.reporters.JUnitXMLReporter -->
<testsuite ignored="0" hostname="LAPTOP-15GVK631" failures="3" tests="8" name="Test" time="0.167" errors="0" timestamp="2022-06-08T10:05:29 IST">
  <testcase classname="testCases.TestCases" name="doUserReg" time="0.008"/>
  <testcase classname="testCases.TestCases" name="doLogin" time="0.001"/>
  <testcase classname="testCases.Dependencies" name="doUserReg" time="0.003">
    <failure type="java.lang.AssertionError" message="User not registered let&amp;apos;s get this message">
      <![CDATA[java.lang.AssertionError: User not registered let's get this message
at testCases.Dependencies.doUserReg(Dependencies.java:13)
at java.base/java.util.ArrayList.forEach(ArrayList.java:1511)
... Removed 28 stack frames]]>
    </failure>
  </testcase> <!-- doUserReg -->
  <testcase classname="testCases.Dependencies" name="ThirdTest" time="0.002"/>
  <testcase classname="testCases.Dependencies" name="doLogin" time="0.0">
    <skipped/>
  </testcase> <!-- doLogin -->
  <testcase classname="testCases.Dependencies" name="FourthTest" time="0.002"/>
  <testcase classname="testCases.assertionsCheck" name="validateTitles" time="0.023">
    <failure type="java.lang.AssertionError" message="not found this thing expected [true] but found [false]">
      <![CDATA[java.lang.AssertionError: not found this thing expected [true] but found [false]
at testCases.assertionsCheck.validateTitles(assertionsCheck.java:15)
at java.base/java.util.ArrayList.forEach(ArrayList.java:1511)
... Removed 30 stack frames]]>
    </failure>
  </testcase> <!-- validateTitles -->
  <testcase classname="testCases.SoftyAssert" name="validateTitles" time="0.004">
    <failure type="java.lang.AssertionError" message="cannot register user expected [true] but found [false]">
      <![CDATA[java.lang.AssertionError: cannot register user expected [true] but found [false]
at testCases.SoftyAssert.validateTitles(SoftyAssert.java:16)
at java.base/java.util.ArrayList.forEach(ArrayList.java:1511)
... Removed 32 stack frames]]>
    </failure>
  </testcase> <!-- validateTitles -->
</testsuite> <!-- Test -->
