<?xml version="1.0" encoding="UTF-8"?>
<!-- Generated by org.testng.reporters.JUnitXMLReporter -->
<testsuite ignored="0" hostname="LAPTOP-15GVK631" failures="2" tests="2" name="ASSERTIONS Test" time="0.031" errors="0" timestamp="2022-06-08T15:32:26 IST">
  <testcase classname="testCases.assertionsCheck" name="validateTitles" time="0.015">
    <failure type="java.lang.AssertionError" message="not found this thing expected [true] but found [false]">
      <![CDATA[java.lang.AssertionError: not found this thing expected [true] but found [false]
at testCases.assertionsCheck.validateTitles(assertionsCheck.java:15)
at java.base/java.util.ArrayList.forEach(ArrayList.java:1511)
... Removed 31 stack frames]]>
    </failure>
  </testcase> <!-- validateTitles -->
  <testcase classname="testCases.SoftyAssert" name="validateTitles" time="0.005">
    <failure type="java.lang.AssertionError" message="cannot register user expected [true] but found [false]">
      <![CDATA[java.lang.AssertionError: cannot register user expected [true] but found [false]
at testCases.SoftyAssert.validateTitles(SoftyAssert.java:16)
at java.base/java.util.ArrayList.forEach(ArrayList.java:1511)
... Removed 33 stack frames]]>
    </failure>
  </testcase> <!-- validateTitles -->
</testsuite> <!-- ASSERTIONS Test -->
